[0.081s] Invoking command in '/home/albertlor/Workspaces/ros2_ws/build/my_cpp_pkg': CMAKE_PREFIX_PATH=/opt/ros/humble /usr/bin/cmake --build /home/albertlor/Workspaces/ros2_ws/build/my_cpp_pkg -- -j8 -l8
[0.102s] -- Found ament_cmake: 1.3.7 (/opt/ros/humble/share/ament_cmake/cmake)
[0.251s] -- Found rclcpp: 16.0.8 (/opt/ros/humble/share/rclcpp/cmake)
[0.283s] -- Found rosidl_generator_c: 3.1.5 (/opt/ros/humble/share/rosidl_generator_c/cmake)
[0.286s] -- Found rosidl_adapter: 3.1.5 (/opt/ros/humble/share/rosidl_adapter/cmake)
[0.293s] -- Found rosidl_generator_cpp: 3.1.5 (/opt/ros/humble/share/rosidl_generator_cpp/cmake)
[0.304s] -- Using all available rosidl_typesupport_c: rosidl_typesupport_fastrtps_c;rosidl_typesupport_introspection_c
[0.321s] -- Using all available rosidl_typesupport_cpp: rosidl_typesupport_fastrtps_cpp;rosidl_typesupport_introspection_cpp
[0.384s] -- Found rmw_implementation_cmake: 6.1.1 (/opt/ros/humble/share/rmw_implementation_cmake/cmake)
[0.385s] -- Found rmw_fastrtps_cpp: 6.2.6 (/opt/ros/humble/share/rmw_fastrtps_cpp/cmake)
[0.500s] -- Using RMW implementation 'rmw_fastrtps_cpp' as default
[0.675s] [31mCMake Error at /opt/ros/humble/share/ament_cmake_target_dependencies/cmake/ament_target_dependencies.cmake:42 (message):
[0.675s]   ament_target_dependencies() the first argument must be a valid target name
[0.675s] Call Stack (most recent call first):
[0.675s]   CMakeLists.txt:13 (ament_target_dependencies)
[0.676s] 
[0.676s] [0m
[0.676s] -- Configuring incomplete, errors occurred!
[0.676s] See also "/home/albertlor/Workspaces/ros2_ws/build/my_cpp_pkg/CMakeFiles/CMakeOutput.log".
[0.681s] gmake: *** [Makefile:226: cmake_check_build_system] Error 1
[0.684s] Invoked command in '/home/albertlor/Workspaces/ros2_ws/build/my_cpp_pkg' returned '2': CMAKE_PREFIX_PATH=/opt/ros/humble /usr/bin/cmake --build /home/albertlor/Workspaces/ros2_ws/build/my_cpp_pkg -- -j8 -l8
