[0.059s] Invoking command in '/home/albertlor/Workspaces/ros2_ws/build/my_cpp_pkg': CMAKE_PREFIX_PATH=/opt/ros/humble /usr/bin/cmake --build /home/albertlor/Workspaces/ros2_ws/build/my_cpp_pkg -- -j8 -l8
[0.081s] -- Found ament_cmake: 1.3.7 (/opt/ros/humble/share/ament_cmake/cmake)
[0.224s] -- Found rclcpp: 16.0.8 (/opt/ros/humble/share/rclcpp/cmake)
[0.256s] -- Found rosidl_generator_c: 3.1.5 (/opt/ros/humble/share/rosidl_generator_c/cmake)
[0.259s] -- Found rosidl_adapter: 3.1.5 (/opt/ros/humble/share/rosidl_adapter/cmake)
[0.265s] -- Found rosidl_generator_cpp: 3.1.5 (/opt/ros/humble/share/rosidl_generator_cpp/cmake)
[0.276s] -- Using all available rosidl_typesupport_c: rosidl_typesupport_fastrtps_c;rosidl_typesupport_introspection_c
[0.293s] -- Using all available rosidl_typesupport_cpp: rosidl_typesupport_fastrtps_cpp;rosidl_typesupport_introspection_cpp
[0.352s] -- Found rmw_implementation_cmake: 6.1.1 (/opt/ros/humble/share/rmw_implementation_cmake/cmake)
[0.353s] -- Found rmw_fastrtps_cpp: 6.2.6 (/opt/ros/humble/share/rmw_fastrtps_cpp/cmake)
[0.462s] -- Using RMW implementation 'rmw_fastrtps_cpp' as default
[0.627s] -- Found ament_lint_auto: 0.12.10 (/opt/ros/humble/share/ament_lint_auto/cmake)
[0.690s] -- Added test 'cppcheck' to perform static code analysis on C / C++ code
[0.690s] -- Configured cppcheck include dirs: 
[0.691s] -- Configured cppcheck exclude dirs and/or files: 
[0.691s] -- Added test 'lint_cmake' to check CMake code style
[0.692s] -- Added test 'uncrustify' to check C / C++ code style
[0.692s] -- Configured uncrustify additional arguments: 
[0.692s] -- Added test 'xmllint' to check XML markup files
[0.693s] -- Configuring done
[0.701s] -- Generating done
[0.702s] -- Build files have been written to: /home/albertlor/Workspaces/ros2_ws/build/my_cpp_pkg
[0.733s] [ 50%] [32mBuilding CXX object CMakeFiles/cpp_node.dir/src/my_first_node.cpp.o[0m
[3.617s] [100%] [32m[1mLinking CXX executable cpp_node[0m
[3.724s] [100%] Built target cpp_node
[3.733s] Invoked command in '/home/albertlor/Workspaces/ros2_ws/build/my_cpp_pkg' returned '0': CMAKE_PREFIX_PATH=/opt/ros/humble /usr/bin/cmake --build /home/albertlor/Workspaces/ros2_ws/build/my_cpp_pkg -- -j8 -l8
[3.763s] Invoking command in '/home/albertlor/Workspaces/ros2_ws/build/my_cpp_pkg': CMAKE_PREFIX_PATH=/opt/ros/humble /usr/bin/cmake --install /home/albertlor/Workspaces/ros2_ws/build/my_cpp_pkg
[3.770s] -- Install configuration: ""
[3.770s] -- Installing: /home/albertlor/Workspaces/ros2_ws/install/my_cpp_pkg/lib/my_cpp_pkg/cpp_node
[3.771s] -- Set runtime path of "/home/albertlor/Workspaces/ros2_ws/install/my_cpp_pkg/lib/my_cpp_pkg/cpp_node" to ""
[3.771s] -- Up-to-date: /home/albertlor/Workspaces/ros2_ws/install/my_cpp_pkg/share/ament_index/resource_index/package_run_dependencies/my_cpp_pkg
[3.771s] -- Up-to-date: /home/albertlor/Workspaces/ros2_ws/install/my_cpp_pkg/share/ament_index/resource_index/parent_prefix_path/my_cpp_pkg
[3.771s] -- Up-to-date: /home/albertlor/Workspaces/ros2_ws/install/my_cpp_pkg/share/my_cpp_pkg/environment/ament_prefix_path.sh
[3.771s] -- Installing: /home/albertlor/Workspaces/ros2_ws/install/my_cpp_pkg/share/my_cpp_pkg/environment/ament_prefix_path.dsv
[3.771s] -- Up-to-date: /home/albertlor/Workspaces/ros2_ws/install/my_cpp_pkg/share/my_cpp_pkg/environment/path.sh
[3.772s] -- Installing: /home/albertlor/Workspaces/ros2_ws/install/my_cpp_pkg/share/my_cpp_pkg/environment/path.dsv
[3.772s] -- Up-to-date: /home/albertlor/Workspaces/ros2_ws/install/my_cpp_pkg/share/my_cpp_pkg/local_setup.bash
[3.772s] -- Up-to-date: /home/albertlor/Workspaces/ros2_ws/install/my_cpp_pkg/share/my_cpp_pkg/local_setup.sh
[3.772s] -- Up-to-date: /home/albertlor/Workspaces/ros2_ws/install/my_cpp_pkg/share/my_cpp_pkg/local_setup.zsh
[3.772s] -- Installing: /home/albertlor/Workspaces/ros2_ws/install/my_cpp_pkg/share/my_cpp_pkg/local_setup.dsv
[3.772s] -- Installing: /home/albertlor/Workspaces/ros2_ws/install/my_cpp_pkg/share/my_cpp_pkg/package.dsv
[3.772s] -- Up-to-date: /home/albertlor/Workspaces/ros2_ws/install/my_cpp_pkg/share/ament_index/resource_index/packages/my_cpp_pkg
[3.772s] -- Up-to-date: /home/albertlor/Workspaces/ros2_ws/install/my_cpp_pkg/share/my_cpp_pkg/cmake/my_cpp_pkgConfig.cmake
[3.772s] -- Up-to-date: /home/albertlor/Workspaces/ros2_ws/install/my_cpp_pkg/share/my_cpp_pkg/cmake/my_cpp_pkgConfig-version.cmake
[3.773s] -- Up-to-date: /home/albertlor/Workspaces/ros2_ws/install/my_cpp_pkg/share/my_cpp_pkg/package.xml
[3.773s] Invoked command in '/home/albertlor/Workspaces/ros2_ws/build/my_cpp_pkg' returned '0': CMAKE_PREFIX_PATH=/opt/ros/humble /usr/bin/cmake --install /home/albertlor/Workspaces/ros2_ws/build/my_cpp_pkg
