[0.064s] Invoking command in '/home/albertlor/Workspaces/ros2_ws/build/my_cpp_pkg': CMAKE_PREFIX_PATH=/opt/ros/humble /usr/bin/cmake --build /home/albertlor/Workspaces/ros2_ws/build/my_cpp_pkg -- -j8 -l8
[0.101s] [35m[1mConsolidate compiler generated dependencies of target cpp_node[0m
[0.120s] [ 50%] [32mBuilding CXX object CMakeFiles/cpp_node.dir/src/my_first_node.cpp.o[0m
[3.125s] [100%] [32m[1mLinking CXX executable cpp_node[0m
[3.231s] [100%] Built target cpp_node
[3.242s] Invoked command in '/home/albertlor/Workspaces/ros2_ws/build/my_cpp_pkg' returned '0': CMAKE_PREFIX_PATH=/opt/ros/humble /usr/bin/cmake --build /home/albertlor/Workspaces/ros2_ws/build/my_cpp_pkg -- -j8 -l8
[3.272s] Invoking command in '/home/albertlor/Workspaces/ros2_ws/build/my_cpp_pkg': CMAKE_PREFIX_PATH=/opt/ros/humble /usr/bin/cmake --install /home/albertlor/Workspaces/ros2_ws/build/my_cpp_pkg
[3.278s] -- Install configuration: ""
[3.278s] -- Installing: /home/albertlor/Workspaces/ros2_ws/install/my_cpp_pkg/lib/my_cpp_pkg/cpp_node
[3.278s] -- Set runtime path of "/home/albertlor/Workspaces/ros2_ws/install/my_cpp_pkg/lib/my_cpp_pkg/cpp_node" to ""
[3.278s] -- Up-to-date: /home/albertlor/Workspaces/ros2_ws/install/my_cpp_pkg/share/ament_index/resource_index/package_run_dependencies/my_cpp_pkg
[3.278s] -- Up-to-date: /home/albertlor/Workspaces/ros2_ws/install/my_cpp_pkg/share/ament_index/resource_index/parent_prefix_path/my_cpp_pkg
[3.278s] -- Up-to-date: /home/albertlor/Workspaces/ros2_ws/install/my_cpp_pkg/share/my_cpp_pkg/environment/ament_prefix_path.sh
[3.279s] -- Up-to-date: /home/albertlor/Workspaces/ros2_ws/install/my_cpp_pkg/share/my_cpp_pkg/environment/ament_prefix_path.dsv
[3.279s] -- Up-to-date: /home/albertlor/Workspaces/ros2_ws/install/my_cpp_pkg/share/my_cpp_pkg/environment/path.sh
[3.279s] -- Up-to-date: /home/albertlor/Workspaces/ros2_ws/install/my_cpp_pkg/share/my_cpp_pkg/environment/path.dsv
[3.279s] -- Up-to-date: /home/albertlor/Workspaces/ros2_ws/install/my_cpp_pkg/share/my_cpp_pkg/local_setup.bash
[3.279s] -- Up-to-date: /home/albertlor/Workspaces/ros2_ws/install/my_cpp_pkg/share/my_cpp_pkg/local_setup.sh
[3.279s] -- Up-to-date: /home/albertlor/Workspaces/ros2_ws/install/my_cpp_pkg/share/my_cpp_pkg/local_setup.zsh
[3.279s] -- Up-to-date: /home/albertlor/Workspaces/ros2_ws/install/my_cpp_pkg/share/my_cpp_pkg/local_setup.dsv
[3.279s] -- Installing: /home/albertlor/Workspaces/ros2_ws/install/my_cpp_pkg/share/my_cpp_pkg/package.dsv
[3.279s] -- Up-to-date: /home/albertlor/Workspaces/ros2_ws/install/my_cpp_pkg/share/ament_index/resource_index/packages/my_cpp_pkg
[3.279s] -- Up-to-date: /home/albertlor/Workspaces/ros2_ws/install/my_cpp_pkg/share/my_cpp_pkg/cmake/my_cpp_pkgConfig.cmake
[3.279s] -- Up-to-date: /home/albertlor/Workspaces/ros2_ws/install/my_cpp_pkg/share/my_cpp_pkg/cmake/my_cpp_pkgConfig-version.cmake
[3.279s] -- Up-to-date: /home/albertlor/Workspaces/ros2_ws/install/my_cpp_pkg/share/my_cpp_pkg/package.xml
[3.281s] Invoked command in '/home/albertlor/Workspaces/ros2_ws/build/my_cpp_pkg' returned '0': CMAKE_PREFIX_PATH=/opt/ros/humble /usr/bin/cmake --install /home/albertlor/Workspaces/ros2_ws/build/my_cpp_pkg
