[0.069s] Invoking command in '/home/albertlor/Workspaces/ros2_ws/build/my_cpp_pkg': CMAKE_PREFIX_PATH=/opt/ros/humble /usr/bin/cmake --build /home/albertlor/Workspaces/ros2_ws/build/my_cpp_pkg -- -j8 -l8
[0.096s] -- Found ament_cmake: 1.3.7 (/opt/ros/humble/share/ament_cmake/cmake)
[0.289s] -- Found rclcpp: 16.0.8 (/opt/ros/humble/share/rclcpp/cmake)
[0.333s] -- Found rosidl_generator_c: 3.1.5 (/opt/ros/humble/share/rosidl_generator_c/cmake)
[0.337s] -- Found rosidl_adapter: 3.1.5 (/opt/ros/humble/share/rosidl_adapter/cmake)
[0.345s] -- Found rosidl_generator_cpp: 3.1.5 (/opt/ros/humble/share/rosidl_generator_cpp/cmake)
[0.360s] -- Using all available rosidl_typesupport_c: rosidl_typesupport_fastrtps_c;rosidl_typesupport_introspection_c
[0.380s] -- Using all available rosidl_typesupport_cpp: rosidl_typesupport_fastrtps_cpp;rosidl_typesupport_introspection_cpp
[0.449s] -- Found rmw_implementation_cmake: 6.1.1 (/opt/ros/humble/share/rmw_implementation_cmake/cmake)
[0.451s] -- Found rmw_fastrtps_cpp: 6.2.6 (/opt/ros/humble/share/rmw_fastrtps_cpp/cmake)
[0.572s] -- Using RMW implementation 'rmw_fastrtps_cpp' as default
[0.752s] -- Found example_interfaces: 0.9.3 (/opt/ros/humble/share/example_interfaces/cmake)
[0.904s] -- Found ament_lint_auto: 0.12.10 (/opt/ros/humble/share/ament_lint_auto/cmake)
[0.977s] -- Added test 'cppcheck' to perform static code analysis on C / C++ code
[0.977s] -- Configured cppcheck include dirs: 
[0.977s] -- Configured cppcheck exclude dirs and/or files: 
[0.978s] -- Added test 'lint_cmake' to check CMake code style
[0.979s] -- Added test 'uncrustify' to check C / C++ code style
[0.979s] -- Configured uncrustify additional arguments: 
[0.979s] -- Added test 'xmllint' to check XML markup files
[0.980s] -- Configuring done
[0.995s] -- Generating done
[0.997s] -- Build files have been written to: /home/albertlor/Workspaces/ros2_ws/build/my_cpp_pkg
[1.021s] [35m[1mConsolidate compiler generated dependencies of target cpp_node[0m
[1.021s] [35m[1mConsolidate compiler generated dependencies of target robot_news_station[0m
[1.031s] [ 16%] [32mBuilding CXX object CMakeFiles/smartphone.dir/src/smartphone.cpp.o[0m
[1.041s] [ 50%] Built target cpp_node
[1.042s] [ 83%] Built target robot_news_station
[9.445s] [100%] [32m[1mLinking CXX executable smartphone[0m
[9.852s] [100%] Built target smartphone
[9.864s] Invoked command in '/home/albertlor/Workspaces/ros2_ws/build/my_cpp_pkg' returned '0': CMAKE_PREFIX_PATH=/opt/ros/humble /usr/bin/cmake --build /home/albertlor/Workspaces/ros2_ws/build/my_cpp_pkg -- -j8 -l8
[9.898s] Invoking command in '/home/albertlor/Workspaces/ros2_ws/build/my_cpp_pkg': CMAKE_PREFIX_PATH=/opt/ros/humble /usr/bin/cmake --install /home/albertlor/Workspaces/ros2_ws/build/my_cpp_pkg
[9.904s] -- Install configuration: ""
[9.904s] -- Up-to-date: /home/albertlor/Workspaces/ros2_ws/install/my_cpp_pkg/lib/my_cpp_pkg/cpp_node
[9.904s] -- Up-to-date: /home/albertlor/Workspaces/ros2_ws/install/my_cpp_pkg/lib/my_cpp_pkg/robot_news_station
[9.904s] -- Installing: /home/albertlor/Workspaces/ros2_ws/install/my_cpp_pkg/lib/my_cpp_pkg/smartphone
[9.907s] -- Set runtime path of "/home/albertlor/Workspaces/ros2_ws/install/my_cpp_pkg/lib/my_cpp_pkg/smartphone" to ""
[9.908s] -- Up-to-date: /home/albertlor/Workspaces/ros2_ws/install/my_cpp_pkg/share/ament_index/resource_index/package_run_dependencies/my_cpp_pkg
[9.908s] -- Up-to-date: /home/albertlor/Workspaces/ros2_ws/install/my_cpp_pkg/share/ament_index/resource_index/parent_prefix_path/my_cpp_pkg
[9.908s] -- Up-to-date: /home/albertlor/Workspaces/ros2_ws/install/my_cpp_pkg/share/my_cpp_pkg/environment/ament_prefix_path.sh
[9.908s] -- Installing: /home/albertlor/Workspaces/ros2_ws/install/my_cpp_pkg/share/my_cpp_pkg/environment/ament_prefix_path.dsv
[9.908s] -- Up-to-date: /home/albertlor/Workspaces/ros2_ws/install/my_cpp_pkg/share/my_cpp_pkg/environment/path.sh
[9.908s] -- Installing: /home/albertlor/Workspaces/ros2_ws/install/my_cpp_pkg/share/my_cpp_pkg/environment/path.dsv
[9.908s] -- Up-to-date: /home/albertlor/Workspaces/ros2_ws/install/my_cpp_pkg/share/my_cpp_pkg/local_setup.bash
[9.908s] -- Up-to-date: /home/albertlor/Workspaces/ros2_ws/install/my_cpp_pkg/share/my_cpp_pkg/local_setup.sh
[9.908s] -- Up-to-date: /home/albertlor/Workspaces/ros2_ws/install/my_cpp_pkg/share/my_cpp_pkg/local_setup.zsh
[9.908s] -- Installing: /home/albertlor/Workspaces/ros2_ws/install/my_cpp_pkg/share/my_cpp_pkg/local_setup.dsv
[9.908s] -- Installing: /home/albertlor/Workspaces/ros2_ws/install/my_cpp_pkg/share/my_cpp_pkg/package.dsv
[9.909s] -- Up-to-date: /home/albertlor/Workspaces/ros2_ws/install/my_cpp_pkg/share/ament_index/resource_index/packages/my_cpp_pkg
[9.909s] -- Up-to-date: /home/albertlor/Workspaces/ros2_ws/install/my_cpp_pkg/share/my_cpp_pkg/cmake/my_cpp_pkgConfig.cmake
[9.909s] -- Up-to-date: /home/albertlor/Workspaces/ros2_ws/install/my_cpp_pkg/share/my_cpp_pkg/cmake/my_cpp_pkgConfig-version.cmake
[9.909s] -- Up-to-date: /home/albertlor/Workspaces/ros2_ws/install/my_cpp_pkg/share/my_cpp_pkg/package.xml
[9.910s] Invoked command in '/home/albertlor/Workspaces/ros2_ws/build/my_cpp_pkg' returned '0': CMAKE_PREFIX_PATH=/opt/ros/humble /usr/bin/cmake --install /home/albertlor/Workspaces/ros2_ws/build/my_cpp_pkg
