[0.062s] Invoking command in '/home/albertlor/Workspaces/ros2_ws/build/my_cpp_pkg': CMAKE_PREFIX_PATH=/opt/ros/humble /usr/bin/cmake /home/albertlor/Workspaces/ros2_ws/src/my_cpp_pkg -DCMAKE_INSTALL_PREFIX=/home/albertlor/Workspaces/ros2_ws/install/my_cpp_pkg
[0.139s] -- The C compiler identification is GNU 11.4.0
[0.200s] -- The CXX compiler identification is GNU 11.4.0
[0.211s] -- Detecting C compiler ABI info
[0.291s] -- Detecting C compiler ABI info - done
[0.301s] -- Check for working C compiler: /usr/bin/cc - skipped
[0.301s] -- Detecting C compile features
[0.302s] -- Detecting C compile features - done
[0.305s] -- Detecting CXX compiler ABI info
[0.384s] -- Detecting CXX compiler ABI info - done
[0.395s] -- Check for working CXX compiler: /usr/bin/c++ - skipped
[0.395s] -- Detecting CXX compile features
[0.396s] -- Detecting CXX compile features - done
[0.398s] -- Found ament_cmake: 1.3.7 (/opt/ros/humble/share/ament_cmake/cmake)
[0.573s] -- Found Python3: /usr/bin/python3.10 (found version "3.10.12") found components: Interpreter 
[0.668s] -- Found rclcpp: 16.0.8 (/opt/ros/humble/share/rclcpp/cmake)
[0.716s] -- Found rosidl_generator_c: 3.1.5 (/opt/ros/humble/share/rosidl_generator_c/cmake)
[0.721s] -- Found rosidl_adapter: 3.1.5 (/opt/ros/humble/share/rosidl_adapter/cmake)
[0.731s] -- Found rosidl_generator_cpp: 3.1.5 (/opt/ros/humble/share/rosidl_generator_cpp/cmake)
[0.748s] -- Using all available rosidl_typesupport_c: rosidl_typesupport_fastrtps_c;rosidl_typesupport_introspection_c
[0.770s] -- Using all available rosidl_typesupport_cpp: rosidl_typesupport_fastrtps_cpp;rosidl_typesupport_introspection_cpp
[0.850s] -- Found rmw_implementation_cmake: 6.1.1 (/opt/ros/humble/share/rmw_implementation_cmake/cmake)
[0.854s] -- Found rmw_fastrtps_cpp: 6.2.6 (/opt/ros/humble/share/rmw_fastrtps_cpp/cmake)
[0.961s] -- Found OpenSSL: /usr/lib/x86_64-linux-gnu/libcrypto.so (found version "3.0.2")  
[0.993s] -- Found FastRTPS: /opt/ros/humble/include  
[1.046s] -- Using RMW implementation 'rmw_fastrtps_cpp' as default
[1.058s] -- Looking for pthread.h
[1.134s] -- Looking for pthread.h - found
[1.135s] -- Performing Test CMAKE_HAVE_LIBC_PTHREAD
[1.203s] -- Performing Test CMAKE_HAVE_LIBC_PTHREAD - Success
[1.204s] -- Found Threads: TRUE  
[1.393s] -- Found ament_lint_auto: 0.12.10 (/opt/ros/humble/share/ament_lint_auto/cmake)
[1.477s] -- Added test 'lint_cmake' to check CMake code style
[1.478s] -- Added test 'xmllint' to check XML markup files
[1.479s] -- Configuring done
[1.483s] -- Generating done
[1.485s] -- Build files have been written to: /home/albertlor/Workspaces/ros2_ws/build/my_cpp_pkg
[1.493s] Invoked command in '/home/albertlor/Workspaces/ros2_ws/build/my_cpp_pkg' returned '0': CMAKE_PREFIX_PATH=/opt/ros/humble /usr/bin/cmake /home/albertlor/Workspaces/ros2_ws/src/my_cpp_pkg -DCMAKE_INSTALL_PREFIX=/home/albertlor/Workspaces/ros2_ws/install/my_cpp_pkg
[1.495s] Invoking command in '/home/albertlor/Workspaces/ros2_ws/build/my_cpp_pkg': CMAKE_PREFIX_PATH=/opt/ros/humble /usr/bin/cmake --build /home/albertlor/Workspaces/ros2_ws/build/my_cpp_pkg -- -j8 -l8
[1.532s] Invoked command in '/home/albertlor/Workspaces/ros2_ws/build/my_cpp_pkg' returned '0': CMAKE_PREFIX_PATH=/opt/ros/humble /usr/bin/cmake --build /home/albertlor/Workspaces/ros2_ws/build/my_cpp_pkg -- -j8 -l8
[1.558s] Invoking command in '/home/albertlor/Workspaces/ros2_ws/build/my_cpp_pkg': CMAKE_PREFIX_PATH=/opt/ros/humble /usr/bin/cmake --install /home/albertlor/Workspaces/ros2_ws/build/my_cpp_pkg
[1.565s] -- Install configuration: ""
[1.565s] -- Installing: /home/albertlor/Workspaces/ros2_ws/install/my_cpp_pkg/share/ament_index/resource_index/package_run_dependencies/my_cpp_pkg
[1.565s] -- Installing: /home/albertlor/Workspaces/ros2_ws/install/my_cpp_pkg/share/ament_index/resource_index/parent_prefix_path/my_cpp_pkg
[1.565s] -- Installing: /home/albertlor/Workspaces/ros2_ws/install/my_cpp_pkg/share/my_cpp_pkg/environment/ament_prefix_path.sh
[1.565s] -- Installing: /home/albertlor/Workspaces/ros2_ws/install/my_cpp_pkg/share/my_cpp_pkg/environment/ament_prefix_path.dsv
[1.565s] -- Installing: /home/albertlor/Workspaces/ros2_ws/install/my_cpp_pkg/share/my_cpp_pkg/environment/path.sh
[1.565s] -- Installing: /home/albertlor/Workspaces/ros2_ws/install/my_cpp_pkg/share/my_cpp_pkg/environment/path.dsv
[1.565s] -- Installing: /home/albertlor/Workspaces/ros2_ws/install/my_cpp_pkg/share/my_cpp_pkg/local_setup.bash
[1.565s] -- Installing: /home/albertlor/Workspaces/ros2_ws/install/my_cpp_pkg/share/my_cpp_pkg/local_setup.sh
[1.566s] -- Installing: /home/albertlor/Workspaces/ros2_ws/install/my_cpp_pkg/share/my_cpp_pkg/local_setup.zsh
[1.566s] -- Installing: /home/albertlor/Workspaces/ros2_ws/install/my_cpp_pkg/share/my_cpp_pkg/local_setup.dsv
[1.566s] -- Installing: /home/albertlor/Workspaces/ros2_ws/install/my_cpp_pkg/share/my_cpp_pkg/package.dsv
[1.566s] -- Installing: /home/albertlor/Workspaces/ros2_ws/install/my_cpp_pkg/share/ament_index/resource_index/packages/my_cpp_pkg
[1.566s] -- Installing: /home/albertlor/Workspaces/ros2_ws/install/my_cpp_pkg/share/my_cpp_pkg/cmake/my_cpp_pkgConfig.cmake
[1.566s] -- Installing: /home/albertlor/Workspaces/ros2_ws/install/my_cpp_pkg/share/my_cpp_pkg/cmake/my_cpp_pkgConfig-version.cmake
[1.566s] -- Installing: /home/albertlor/Workspaces/ros2_ws/install/my_cpp_pkg/share/my_cpp_pkg/package.xml
[1.568s] Invoked command in '/home/albertlor/Workspaces/ros2_ws/build/my_cpp_pkg' returned '0': CMAKE_PREFIX_PATH=/opt/ros/humble /usr/bin/cmake --install /home/albertlor/Workspaces/ros2_ws/build/my_cpp_pkg
